<?xml version="1.0" encoding="UTF-8"?>
<testng-results skipped="0" failed="0" ignored="0" total="2" passed="2">
  <reporter-output>
  </reporter-output>
  <suite name="Default suite" duration-ms="107" started-at="2020-04-20T11:42:24 CST" finished-at="2020-04-20T11:42:24 CST">
    <groups>
    </groups>
    <test name="Selenium_Dome01" duration-ms="107" started-at="2020-04-20T11:42:24 CST" finished-at="2020-04-20T11:42:24 CST">
      <class name="com.testing01.demo01.TestNG_demo01">
        <test-method status="PASS" signature="beforeTest01()[pri:0, instance:com.testing01.demo01.TestNG_demo01@73ad2d6]" name="beforeTest01" is-config="true" duration-ms="21" started-at="2020-04-20T11:42:24 CST" finished-at="2020-04-20T11:42:24 CST">
          <reporter-output>
          </reporter-output>
        </test-method> <!-- beforeTest01 -->
        <test-method status="PASS" signature="beforeMethod()[pri:0, instance:com.testing01.demo01.TestNG_demo01@73ad2d6]" name="beforeMethod" is-config="true" duration-ms="1" started-at="2020-04-20T11:42:24 CST" finished-at="2020-04-20T11:42:24 CST">
          <reporter-output>
          </reporter-output>
        </test-method> <!-- beforeMethod -->
        <test-method status="PASS" signature="testCase1()[pri:0, instance:com.testing01.demo01.TestNG_demo01@73ad2d6]" name="testCase1" duration-ms="3" started-at="2020-04-20T11:42:24 CST" finished-at="2020-04-20T11:42:24 CST">
          <reporter-output>
          </reporter-output>
        </test-method> <!-- testCase1 -->
        <test-method status="PASS" signature="afterMethod()[pri:0, instance:com.testing01.demo01.TestNG_demo01@73ad2d6]" name="afterMethod" is-config="true" duration-ms="0" started-at="2020-04-20T11:42:24 CST" finished-at="2020-04-20T11:42:24 CST">
          <reporter-output>
          </reporter-output>
        </test-method> <!-- afterMethod -->
        <test-method status="PASS" signature="testCase2()[pri:0, instance:com.testing01.demo01.TestNG_demo01@73ad2d6]" name="testCase2" duration-ms="1" started-at="2020-04-20T11:42:24 CST" finished-at="2020-04-20T11:42:24 CST">
          <reporter-output>
          </reporter-output>
        </test-method> <!-- testCase2 -->
        <test-method status="PASS" signature="beforeMethod()[pri:0, instance:com.testing01.demo01.TestNG_demo01@73ad2d6]" name="beforeMethod" is-config="true" duration-ms="0" started-at="2020-04-20T11:42:24 CST" finished-at="2020-04-20T11:42:24 CST">
          <reporter-output>
          </reporter-output>
        </test-method> <!-- beforeMethod -->
        <test-method status="PASS" signature="afterMethod()[pri:0, instance:com.testing01.demo01.TestNG_demo01@73ad2d6]" name="afterMethod" is-config="true" duration-ms="1" started-at="2020-04-20T11:42:24 CST" finished-at="2020-04-20T11:42:24 CST">
          <reporter-output>
          </reporter-output>
        </test-method> <!-- afterMethod -->
        <test-method status="PASS" signature="afterTest()[pri:0, instance:com.testing01.demo01.TestNG_demo01@73ad2d6]" name="afterTest" is-config="true" duration-ms="1" started-at="2020-04-20T11:42:24 CST" finished-at="2020-04-20T11:42:24 CST">
          <reporter-output>
          </reporter-output>
        </test-method> <!-- afterTest -->
      </class> <!-- com.testing01.demo01.TestNG_demo01 -->
    </test> <!-- Selenium_Dome01 -->
  </suite> <!-- Default suite -->
</testng-results>
